<?xml version="1.0" encoding="UTF-8"?>
<!-- Generated by org.testng.reporters.JUnitReportReporter -->
<testsuite hostname="PSDLAP385" failures="0" tests="12" name="test.HomeTabTest" time="177.263" errors="0" timestamp="2024-12-20T16:56:49 IST" skipped="0">
  <testcase classname="test.HomeTabTest" name="Home_UI_landing_Page_HomeTab_TC_001" time="13.604"/>
  <system-out/>
  <testcase classname="test.HomeTabTest" name="Image_Slider_HomeTab_TC_002" time="11.339"/>
  <system-out/>
  <testcase classname="test.HomeTabTest" name="WE_CAN_HELP_YOUR_BUSINESS_HomeTab_TC_003" time="15.865"/>
  <system-out/>
  <testcase classname="test.HomeTabTest" name="MORE_ABOUT_US_HomeTab_TC_004" time="13.382"/>
  <system-out/>
  <testcase classname="test.HomeTabTest" name="GET_IN_TOUCH_HomeTab_TC_005" time="14.845"/>
  <system-out/>
  <testcase classname="test.HomeTabTest" name="VIEW_ALL_SERVICES_HomeTab_TC_005" time="17.994"/>
  <system-out/>
  <testcase classname="test.HomeTabTest" name="ARE_YOU_READY_TO_START_HomeTab_TC_005" time="13.822"/>
  <system-out/>
  <testcase classname="test.HomeTabTest" name="ABOUT_US_HomeTab_TC_005" time="16.664"/>
  <system-out/>
  <testcase classname="test.HomeTabTest" name="AVAILABLE_JOBS_HomeTab_TC_005" time="18.162"/>
  <system-out/>
  <testcase classname="test.HomeTabTest" name="CONTACT_US_HomeTab_TC_005" time="13.444"/>
  <system-out/>
  <testcase classname="test.HomeTabTest" name="Image_Slider_GET_IN_TOUCH_HomeTab_TC_005" time="14.835"/>
  <system-out/>
  <testcase classname="test.HomeTabTest" name="Image_Slider_FIND_OUT_MORE_ABOUT_US_HomeTab_TC_005" time="13.307"/>
  <system-out/>
</testsuite> <!-- test.HomeTabTest -->
