<?xml version="1.0" encoding="UTF-8"?>
<!-- Generated by org.testng.reporters.JUnitReportReporter -->
<testsuite hostname="PSDLAP385" failures="0" tests="9" name="test.ServicesTabTest" time="187.515" errors="0" timestamp="2024-12-20T16:56:49 IST" skipped="0">
  <testcase classname="test.ServicesTabTest" name="Validate_Services_Button_Click_TC_001" time="15.878"/>
  <system-out/>
  <testcase classname="test.ServicesTabTest" name="Validate_PRODUCT_ENGINEERING_Button_Click_TC_002" time="18.038"/>
  <system-out/>
  <testcase classname="test.ServicesTabTest" name="Validate_CLOUD_Button_Click_TC_003" time="20.469"/>
  <system-out/>
  <testcase classname="test.ServicesTabTest" name="Validate_STRATEGIC_CONSULTING_Button_Click_TC_004" time="18.986"/>
  <system-out/>
  <testcase classname="test.ServicesTabTest" name="Validate_LearnMore_PRODUCT_ENGINEERING_Button_Click_TC_005" time="19.807"/>
  <system-out/>
  <testcase classname="test.ServicesTabTest" name="Validate_LearnMore_CLOUD_Button_Click_TC_006" time="29.337"/>
  <system-out/>
  <testcase classname="test.ServicesTabTest" name="Validate_LearnMore_STRATEGIC_CONSULTING_Button_Click_TC_007" time="20.053"/>
  <system-out/>
  <testcase classname="test.ServicesTabTest" name="Validate_CONTACT_US_Button_Click_TC_008" time="25.410"/>
  <system-out/>
  <testcase classname="test.ServicesTabTest" name="Validate_JOIN_US_Button_Click_TC_009" time="19.537"/>
  <system-out/>
</testsuite> <!-- test.ServicesTabTest -->
