<?xml version="1.0" encoding="UTF-8"?>
<!-- Generated by org.testng.reporters.JUnitReportReporter -->
<testsuite hostname="PSDLAP385" failures="0" tests="6" name="test.ContactUsTabTest" time="133.275" errors="0" timestamp="2024-12-20T16:56:49 IST" skipped="0">
  <testcase classname="test.ContactUsTabTest" name="Validate_ContactUs_Button_Click_TC_001" time="14.232"/>
  <system-out/>
  <testcase classname="test.ContactUsTabTest" name="Validate_Form_TC_002" time="19.170"/>
  <system-out/>
  <testcase classname="test.ContactUsTabTest" name="Validate_JOIN_US_Button_click_TC_003" time="18.327"/>
  <system-out/>
  <testcase classname="test.ContactUsTabTest" name="Validate_SMS_OUTREACH_Button_click_TC_004" time="40.987"/>
  <system-out/>
  <testcase classname="test.ContactUsTabTest" name="Validate_SMS_OUTREACH_functionality_click_TC_005" time="22.981"/>
  <system-out/>
  <testcase classname="test.ContactUsTabTest" name="Validate_LINKEDIN_Button_click_TC_006" time="17.578"/>
  <system-out/>
</testsuite> <!-- test.ContactUsTabTest -->
