<?xml version="1.0" encoding="UTF-8"?>
<!-- Generated by org.testng.reporters.JUnitReportReporter -->
<testsuite hostname="PSDLAP377" failures="0" tests="1" name="testing.BaseTest" time="0.009" errors="0" timestamp="2024-10-29T17:10:18 IST" skipped="0">
  <testcase classname="testing.BaseTest" name="testRun" time="0.009"/>
</testsuite> <!-- testing.BaseTest -->
