<?xml version="1.0" encoding="UTF-8"?>
<!-- Generated by org.testng.reporters.JUnitReportReporter -->
<testsuite hostname="PSDLAP377" failures="0" tests="1" name="testing.HomeTabTest" time="14.926" errors="0" timestamp="2024-11-11T02:06:19 IST" skipped="0">
  <testcase classname="testing.HomeTabTest" name="TC_005" time="14.926"/>
</testsuite> <!-- testing.HomeTabTest -->
