<?xml version="1.0" encoding="UTF-8"?>
<!-- Generated by org.testng.reporters.JUnitReportReporter -->
<testsuite hostname="PSDLAP385" failures="0" tests="61" name="test.CareersTabTest" time="1158.480" errors="0" timestamp="2024-12-20T16:56:49 IST" skipped="2">
  <testcase classname="test.CareersTabTest" name="TC_001_Validate_Career_Button_Click_" time="19.818"/>
  <system-out/>
  <testcase classname="test.CareersTabTest" name="TC_002_Validate_currentOpenings_Button_Click_" time="15.022"/>
  <system-out/>
  <testcase classname="test.CareersTabTest" name="TC_003_Validate_joinus_Button_Click_" time="15.355"/>
  <system-out/>
  <testcase classname="test.CareersTabTest" name="TC_004_Validate_joinus_Button_Click_" time="19.954"/>
  <system-out/>
  <testcase classname="test.CareersTabTest" name="TC_005_Validate_knowmoreaboutus_Button_Click_" time="20.428"/>
  <system-out/>
  <testcase classname="test.CareersTabTest" name="TC_006_Validate_moreaboutus_Button_Click_" time="21.517"/>
  <system-out/>
  <testcase classname="test.CareersTabTest" name="TC_007_Validate_getintouch_Button_Click_" time="21.940"/>
  <system-out/>
  <testcase classname="test.CareersTabTest" name="TC_008_Validate_videobtn_Button_Click_" time="18.118"/>
  <system-out/>
  <testcase classname="test.CareersTabTest" name="TC_009_Validate_contactus_Button_Click_" time="20.157"/>
  <system-out/>
  <testcase classname="test.CareersTabTest" name="TC_010_Validate_contactuss_Button_Click_" time="24.040"/>
  <system-out/>
  <testcase classname="test.CareersTabTest" name="TC_011_Validate_more_Button_Click_" time="22.574"/>
  <system-out/>
  <testcase classname="test.CareersTabTest" name="TC_0012_Validate_viewourjobopenings_Button_Click_" time="17.215"/>
  <system-out/>
  <testcase classname="test.CareersTabTest" name="TC_0013_Validate_joinuscurrent_Button_Click_" time="20.744"/>
  <system-out/>
  <testcase classname="test.CareersTabTest" name="TC_0014_Validate_Qualityengineeringlead_Button_Click_" time="16.631"/>
  <system-out/>
  <testcase classname="test.CareersTabTest" name="TC_0015_Validate_QualityengineeringleadAN_Button_Click_" time="18.996"/>
  <system-out/>
  <testcase classname="test.CareersTabTest" name="TC_0016_Validate_Qualityengineeringlead2_Button_Click_" time="15.832"/>
  <system-out/>
  <testcase classname="test.CareersTabTest" name="TC_0017_Validate_Qualityengineeringlead2AN_Button_Click_" time="19.024"/>
  <system-out/>
  <testcase classname="test.CareersTabTest" name="TC_0018_Validate_QualityengineeringleadSTE_Button_Click_" time="18.057"/>
  <system-out/>
  <testcase classname="test.CareersTabTest" name="TC_0019_Validate_QualityengineeringleadSTEAN_Button_Click_" time="18.957"/>
  <system-out/>
  <testcase classname="test.CareersTabTest" name="TC_0020_Validate_clickSeniorQEDataTesting_Button_Click_" time="17.942"/>
  <system-out/>
  <testcase classname="test.CareersTabTest" name="TC_0021_Validate_clickSeniorQEDataTestingAN_Button_Click_" time="19.000"/>
  <system-out/>
  <testcase classname="test.CareersTabTest" name="TC_0022_Validate_QELead_Button_Click_" time="16.518"/>
  <system-out/>
  <testcase classname="test.CareersTabTest" name="TC_0023_Validate_QELeadAN_Button_Click_" time="18.416"/>
  <system-out/>
  <testcase classname="test.CareersTabTest" name="TC_0024_Validate_SAPSDFunctionalConsultant_Button_Click_" time="32.869">
    <skipped/>
  </testcase> <!-- TC_0024_Validate_SAPSDFunctionalConsultant_Button_Click_ -->
  <system-out/>
  <testcase classname="test.CareersTabTest" name="TC_0024_Validate_SAPSDFunctionalConsultant_Button_Click_" time="17.614"/>
  <system-out/>
  <testcase classname="test.CareersTabTest" name="TC_0025_Validate_SAPSDFunctionalConsultantAN_Button_Click_" time="19.130"/>
  <system-out/>
  <testcase classname="test.CareersTabTest" name="TC_0026_Validate_SeniorNet_Button_Click_" time="18.571"/>
  <system-out/>
  <testcase classname="test.CareersTabTest" name="TC_0027_Validate_SeniorNetAN_Button_Click_" time="18.934"/>
  <system-out/>
  <testcase classname="test.CareersTabTest" name="TC_0028_Validate_QELeadArchitectIndia_Button_Click_" time="16.576"/>
  <system-out/>
  <testcase classname="test.CareersTabTest" name="TC_0029_Validate_QELeadArchitectIndiaAN_Button_Click_" time="18.895"/>
  <system-out/>
  <testcase classname="test.CareersTabTest" name="TC_0030_Validate_PerformanceTesterIndia_Button_Click_" time="17.990"/>
  <system-out/>
  <testcase classname="test.CareersTabTest" name="TC_0031_PerformanceTesterIndiaAN_Button_Click_" time="19.954"/>
  <system-out/>
  <testcase classname="test.CareersTabTest" name="TC_0032_DataSciMLEngIndia_Button_Click_" time="16.058"/>
  <system-out/>
  <testcase classname="test.CareersTabTest" name="TC_0033_DataSciMLEngIndiaAN_Button_Click_" time="19.192"/>
  <system-out/>
  <testcase classname="test.CareersTabTest" name="TC_0034_clickSeniorQualityAutomationEngineer_Button_Click_" time="17.332"/>
  <system-out/>
  <testcase classname="test.CareersTabTest" name="TC_0035_clickSeniorQualityAutomationEngineerAN_Button_Click_" time="18.353"/>
  <system-out/>
  <testcase classname="test.CareersTabTest" name="TC_0036_clickSeniorQualityEngineerIndia_Button_Click_" time="17.019"/>
  <system-out/>
  <testcase classname="test.CareersTabTest" name="TC_0037_clickSeniorQualityEngineerIndiaAN_Button_Click_" time="18.755"/>
  <system-out/>
  <testcase classname="test.CareersTabTest" name="Validate_Azure_Developer_India_TC_038" time="16.902"/>
  <system-out/>
  <testcase classname="test.CareersTabTest" name="Validate__Azure_Developer_India_ApplyNow_TC_039" time="18.120"/>
  <system-out/>
  <testcase classname="test.CareersTabTest" name="Validate_Fluter_Developer_TC_040" time="16.225"/>
  <system-out/>
  <testcase classname="test.CareersTabTest" name="Validate__Fluter_Developer_India_ApplyNow_TC_041" time="18.538"/>
  <system-out/>
  <testcase classname="test.CareersTabTest" name="Validate_Performance_Engineer_India_TC_042" time="17.145"/>
  <system-out/>
  <testcase classname="test.CareersTabTest" name="Validate_Performance_Engineer_India_ApplyNow_TC_043" time="21.957"/>
  <system-out/>
  <testcase classname="test.CareersTabTest" name="Validate_ToscaQa_TC_044" time="17.145"/>
  <system-out/>
  <testcase classname="test.CareersTabTest" name="Validate_ToscaQa_ApplyNow_TC_045" time="18.805"/>
  <system-out/>
  <testcase classname="test.CareersTabTest" name="Validate_QualityEngineer_TC_046" time="17.887"/>
  <system-out/>
  <testcase classname="test.CareersTabTest" name="Validate_QualityEngineer_ApplyNow_TC_047" time="18.170"/>
  <system-out/>
  <testcase classname="test.CareersTabTest" name="Validate_ItProjectManager_TC_048" time="31.716">
    <skipped/>
  </testcase> <!-- Validate_ItProjectManager_TC_048 -->
  <system-out/>
  <testcase classname="test.CareersTabTest" name="Validate_ItProjectManager_TC_048" time="17.833"/>
  <system-out/>
  <testcase classname="test.CareersTabTest" name="Validate_ItProjectManager_ApplyNow_TC_049" time="19.513"/>
  <system-out/>
  <testcase classname="test.CareersTabTest" name="Validate_SeniorQualityEngineer_TC_050" time="16.791"/>
  <system-out/>
  <testcase classname="test.CareersTabTest" name="Validate_SeniorQualityEngineer_ApplyNow_TC_051" time="20.199"/>
  <system-out/>
  <testcase classname="test.CareersTabTest" name="Validate_QaLead_TC_052" time="17.491"/>
  <system-out/>
  <testcase classname="test.CareersTabTest" name="Validate_QELead_ApplyNow_TC_053" time="19.713"/>
  <system-out/>
  <testcase classname="test.CareersTabTest" name="Validate_BusinessIntelligence_TC_054" time="17.490"/>
  <system-out/>
  <testcase classname="test.CareersTabTest" name="Validate_BusinessIntelligence_ApplyNow_TC_055" time="19.163"/>
  <system-out/>
  <testcase classname="test.CareersTabTest" name="Validate_SalseforceDeveloper_TC_056" time="17.314"/>
  <system-out/>
  <testcase classname="test.CareersTabTest" name="Validate_SalseforceDeveloper_ApplyNow_TC_057" time="20.340"/>
  <system-out/>
  <testcase classname="test.CareersTabTest" name="Validate_RdbmsApplicationDesiger_TC_058" time="16.803"/>
  <system-out/>
  <testcase classname="test.CareersTabTest" name="Validate_RdbmsApplicationDesiger_ApplyNow_TC_059" time="19.723"/>
  <system-out/>
</testsuite> <!-- test.CareersTabTest -->
