<?xml version="1.0" encoding="UTF-8"?>
<!-- Generated by org.testng.reporters.JUnitReportReporter -->
<testsuite hostname="PSDLAP385" failures="0" tests="11" name="test.AboutUsTabTest" time="195.353" errors="0" timestamp="2024-12-20T16:56:49 IST" skipped="0">
  <testcase classname="test.AboutUsTabTest" name="Validate_About_Us_Button_Click_TC_001" time="14.704"/>
  <system-out/>
  <testcase classname="test.AboutUsTabTest" name="Validate_Search_feature_TC_002" time="16.787"/>
  <system-out/>
  <testcase classname="test.AboutUsTabTest" name="Validate_first_JOIN_US_button_click_TC_003" time="20.843"/>
  <system-out/>
  <testcase classname="test.AboutUsTabTest" name="Validate_second_JOIN_US_button_click_TC_003" time="20.488"/>
  <system-out/>
  <testcase classname="test.AboutUsTabTest" name="Verify_Nav_bar_content_change_on_scroll_down_TC_005" time="14.596"/>
  <system-out/>
  <testcase classname="test.AboutUsTabTest" name="Validate_CONTACT_US_button_click_TC_006" time="22.669"/>
  <system-out/>
  <testcase classname="test.AboutUsTabTest" name="Validate_COOKIE_POLICY_button_click_TC_007" time="17.284"/>
  <system-out/>
  <testcase classname="test.AboutUsTabTest" name="Validate_TERMS_AND_CONDITIONS_button_click_TC_008" time="18.100"/>
  <system-out/>
  <testcase classname="test.AboutUsTabTest" name="Validate_PRIVACY_POLICY_button_click_TC_009" time="18.187"/>
  <system-out/>
  <testcase classname="test.AboutUsTabTest" name="Validate_LINKED_IN_ICON_button_click_TC_010" time="15.685"/>
  <system-out/>
  <testcase classname="test.AboutUsTabTest" name="Validate_CONTACT_US_ICON_button_click_TC_011" time="16.010"/>
  <system-out/>
</testsuite> <!-- test.AboutUsTabTest -->
